SF:lib/core/errors/failures.dart
DA:4,1
DA:8,1
DA:9,1
DA:13,1
DA:14,1
LF:5
LH:5
end_of_record
SF:lib/core/network/network_info.dart
DA:10,1
DA:12,1
DA:13,2
LF:3
LH:3
end_of_record
SF:lib/number_trivia/data/data_sorces/number_trivia_local_data_source.dart
DA:17,1
DA:19,1
DA:21,4
DA:24,1
DA:26,2
DA:29,3
DA:31,1
LF:7
LH:7
end_of_record
SF:lib/number_trivia/data/data_sorces/number_trivia_remote_data_source.dart
DA:18,1
DA:20,1
DA:22,2
DA:23,2
DA:24,1
DA:27,2
DA:28,3
DA:30,1
DA:34,0
DA:37,0
LF:10
LH:8
end_of_record
SF:lib/number_trivia/data/models/number_trivia_model.dart
DA:4,6
DA:7,3
DA:12,3
DA:13,12
DA:16,2
DA:17,2
DA:18,2
DA:19,2
LF:8
LH:8
end_of_record
SF:lib/number_trivia/data/repositories/number_trivia_repository_impl.dart
DA:15,1
DA:21,1
DA:23,2
DA:25,2
DA:26,2
DA:27,1
DA:28,1
DA:29,2
DA:33,3
DA:34,1
DA:35,2
DA:40,1
DA:42,2
DA:44,2
DA:45,2
DA:46,1
DA:47,1
DA:48,2
DA:52,3
DA:53,1
DA:54,2
LF:21
LH:21
end_of_record
SF:lib/number_trivia/domain/entities/number_trivia.dart
DA:7,8
DA:12,3
DA:13,9
LF:3
LH:3
end_of_record
SF:lib/number_trivia/domain/use_cases/get_concrete_number_trivia.dart
DA:9,1
DA:11,1
DA:14,2
LF:3
LH:3
end_of_record
SF:lib/number_trivia/domain/use_cases/get_random_number_trivia.dart
DA:10,1
DA:12,1
DA:15,2
LF:3
LH:3
end_of_record
SF:lib/main.dart
DA:3,0
DA:4,0
DA:8,2
DA:9,1
DA:11,1
DA:13,1
DA:22,1
DA:25,1
DA:26,1
DA:32,1
DA:33,2
DA:34,2
DA:38,1
DA:40,1
DA:41,1
DA:42,3
DA:44,1
DA:45,1
DA:47,1
DA:51,1
DA:52,2
DA:53,3
DA:58,1
DA:59,1
LF:24
LH:22
end_of_record
